<testsuite errors="0" failures="0" name="nose2-junit" skipped="0" tests="13" time="0.151">
  <testcase classname="traildb.test_traildb.TestAPI" name="test_crumbs" time="0.018130">
    <system-err />
  </testcase>
  <testcase classname="traildb.test_traildb.TestAPI" name="test_fields" time="0.012446">
    <system-err />
  </testcase>
  <testcase classname="traildb.test_traildb.TestAPI" name="test_lexicons" time="0.010203">
    <system-err />
  </testcase>
  <testcase classname="traildb.test_traildb.TestAPI" name="test_metadata" time="0.010265">
    <system-err />
  </testcase>
  <testcase classname="traildb.test_traildb.TestAPI" name="test_silly_open" time="0.009895">
    <system-err />
  </testcase>
  <testcase classname="traildb.test_traildb.TestAPI" name="test_trails" time="0.010855">
    <system-err />
  </testcase>
  <testcase classname="traildb.test_traildb.TestAPI" name="test_uuids" time="0.009111">
    <system-err />
  </testcase>
  <testcase classname="traildb.test_traildb.TestCons" name="test_append" time="0.019990">
    <system-err />
  </testcase>
  <testcase classname="traildb.test_traildb.TestCons" name="test_binarydata" time="0.010164">
    <system-err />
  </testcase>
  <testcase classname="traildb.test_traildb.TestCons" name="test_cons" time="0.010016">
    <system-err />
  </testcase>
  <testcase classname="traildb.test_traildb.TestCons" name="test_cursor" time="0.009470">
    <system-err />
  </testcase>
  <testcase classname="traildb.test_traildb.TestCons" name="test_cursor_parsetime" time="0.009918">
    <system-err />
  </testcase>
  <testcase classname="traildb.test_traildb.TestCons" name="test_items" time="0.009265">
    <system-err />
  </testcase>
</testsuite>
